FONCTIONNALITE/Zxing/MyApp/app/build/intermediates/manifest_merge_blame_file/debug/manifest-merger-blame-debug-report.txt
1<?xml version="1.0" encoding="utf-8"?>
2<manifest xmlns:android="http://schemas.android.com/apk/res/android"
3    package="com.example.myqrcodebarcodescanner"
4    android:versionCode="1"
5    android:versionName="1.0" >
6
7    <uses-sdk
8        android:minSdkVersion="14"
8-->src\main\AndroidManifest.xml
9        android:targetSdkVersion="29" />
9-->src\main\AndroidManifest.xml
10
11    <uses-permission android:name="android.permission.CAMERA" />
11-->src\main\AndroidManifest.xml:6:5-65
11-->src\main\AndroidManifest.xml:6:22-62
12
13    <!-- Don't require camera, as this requires a rear camera. This allows it to work on the Nexus 7 -->
14    <uses-feature
14-->[com.journeyapps:zxing-android-embedded:3.4.0] AndroidManifest.xml:24:5-26:36
15        android:name="android.hardware.camera"
15-->[com.journeyapps:zxing-android-embedded:3.4.0] AndroidManifest.xml:25:9-47
16        android:required="false" />
16-->[com.journeyapps:zxing-android-embedded:3.4.0] AndroidManifest.xml:26:9-33
17    <uses-feature
17-->[com.journeyapps:zxing-android-embedded:3.4.0] AndroidManifest.xml:27:5-29:36
18        android:name="android.hardware.camera.front"
18-->[com.journeyapps:zxing-android-embedded:3.4.0] AndroidManifest.xml:28:9-53
19        android:required="false" /> <!-- TODO replace above two with next line after Android 4.2 -->
19-->[com.journeyapps:zxing-android-embedded:3.4.0] AndroidManifest.xml:29:9-33
20    <!-- <uses-feature android:name="android.hardware.camera.any"/> -->
21    <uses-feature
21-->[com.journeyapps:zxing-android-embedded:3.4.0] AndroidManifest.xml:32:5-34:36
22        android:name="android.hardware.camera.autofocus"
22-->[com.journeyapps:zxing-android-embedded:3.4.0] AndroidManifest.xml:33:9-57
23        android:required="false" />
23-->[com.journeyapps:zxing-android-embedded:3.4.0] AndroidManifest.xml:34:9-33
24    <uses-feature
24-->[com.journeyapps:zxing-android-embedded:3.4.0] AndroidManifest.xml:35:5-37:36
25        android:name="android.hardware.camera.flash"
25-->[com.journeyapps:zxing-android-embedded:3.4.0] AndroidManifest.xml:36:9-53
26        android:required="false" />
26-->[com.journeyapps:zxing-android-embedded:3.4.0] AndroidManifest.xml:37:9-33
27    <uses-feature
27-->[com.journeyapps:zxing-android-embedded:3.4.0] AndroidManifest.xml:38:5-40:36
28        android:name="android.hardware.screen.landscape"
28-->[com.journeyapps:zxing-android-embedded:3.4.0] AndroidManifest.xml:39:9-57
29        android:required="false" />
29-->[com.journeyapps:zxing-android-embedded:3.4.0] AndroidManifest.xml:40:9-33
30    <uses-feature
30-->[com.journeyapps:zxing-android-embedded:3.4.0] AndroidManifest.xml:41:5-43:36
31        android:name="android.hardware.wifi"
31-->[com.journeyapps:zxing-android-embedded:3.4.0] AndroidManifest.xml:42:9-45
32        android:required="false" />
32-->[com.journeyapps:zxing-android-embedded:3.4.0] AndroidManifest.xml:43:9-33
33
34    <application
34-->src\main\AndroidManifest.xml:8:5-26:19
35        android:allowBackup="true"
35-->src\main\AndroidManifest.xml:9:9-35
36        android:appComponentFactory="androidx.core.app.CoreComponentFactory"
36-->[androidx.core:core:1.1.0] AndroidManifest.xml:24:18-86
37        android:debuggable="true"
38        android:icon="@mipmap/ic_launcher"
38-->src\main\AndroidManifest.xml:10:9-43
39        android:label="@string/app_name"
39-->src\main\AndroidManifest.xml:11:9-41
40        android:roundIcon="@mipmap/ic_launcher_round"
40-->src\main\AndroidManifest.xml:12:9-54
41        android:supportsRtl="true"
41-->src\main\AndroidManifest.xml:13:9-35
42        android:testOnly="true"
43        android:theme="@style/AppTheme" >
43-->src\main\AndroidManifest.xml:14:9-40
44        <activity android:name="com.example.myqrcodebarcodescanner.MainActivity" >
44-->src\main\AndroidManifest.xml:15:9-21:20
44-->src\main\AndroidManifest.xml:15:19-47
45            <intent-filter>
45-->src\main\AndroidManifest.xml:16:13-20:29
46                <action android:name="android.intent.action.MAIN" />
46-->src\main\AndroidManifest.xml:17:17-69
46-->src\main\AndroidManifest.xml:17:25-66
47
48                <category android:name="android.intent.category.LAUNCHER" />
48-->src\main\AndroidManifest.xml:19:17-77
48-->src\main\AndroidManifest.xml:19:27-74
49            </intent-filter>
50        </activity>
51        <activity
51-->src\main\AndroidManifest.xml:22:9-25:15
52            android:name="com.journeyapps.barcodescanner.CaptureActivity"
52-->src\main\AndroidManifest.xml:22:19-80
53            android:clearTaskOnLaunch="true"
53-->[com.journeyapps:zxing-android-embedded:3.4.0] AndroidManifest.xml:48:13-45
54            android:screenOrientation="fullSensor"
54-->src\main\AndroidManifest.xml:23:13-51
55            android:stateNotNeeded="true"
55-->[com.journeyapps:zxing-android-embedded:3.4.0] AndroidManifest.xml:50:13-42
56            android:theme="@style/zxing_CaptureTheme"
56-->[com.journeyapps:zxing-android-embedded:3.4.0] AndroidManifest.xml:51:13-54
57            android:windowSoftInputMode="stateAlwaysHidden" />
57-->[com.journeyapps:zxing-android-embedded:3.4.0] AndroidManifest.xml:52:13-60
58    </application>
59
60</manifest>